<?xml version="1.0" encoding="UTF-8"?>
<!-- Generated by org.testng.reporters.JUnitReportReporter -->
<testsuite skipped="0" hostname="LAPTOP-G5MBE3EO"
	name="codebase.takeScreenShot" tests="1" failures="0"
	timestamp="2019-12-28T12:14:59 IST" time="0.013" errors="0">
	<testcase name="testTakeScreenShot" time="0.013"
		classname="codebase.takeScreenShot" />
</testsuite> <!-- codebase.takeScreenShot -->
