<?xml version="1.0" encoding="UTF-8"?>
<!-- Generated by org.testng.reporters.JUnitReportReporter -->
<testsuite skipped="0" hostname="LAPTOP-G5MBE3EO" name="codebase.PerpperFryTestNG" tests="1" failures="0" timestamp="2019-12-28T15:02:37 IST" time="31.952" errors="0">
  <testcase name="f" time="31.952" classname="codebase.PerpperFryTestNG"/>
</testsuite> <!-- codebase.PerpperFryTestNG -->
