<?xml version="1.0" encoding="UTF-8"?>
<!-- Generated by org.testng.reporters.JUnitReportReporter -->
<testsuite skipped="0" hostname="LAPTOP-G5MBE3EO" name="com.cpsat.test.Test1" tests="3" failures="0" timestamp="11 Jan 2020 13:23:48 GMT" time="69.545" errors="0">
  <testcase name="test1" time="20.931" classname="com.cpsat.test.Test1"/>
  <testcase name="test1" time="28.386" classname="com.cpsat.test.Test1"/>
  <testcase name="test1" time="20.228" classname="com.cpsat.test.Test1"/>
</testsuite> <!-- com.cpsat.test.Test1 -->
